<?xml version="1.0" ?>
<coverage version="7.13.4" timestamp="1771649961248" lines-valid="15" lines-covered="15" line-rate="1" branches-covered="0" branches-valid="0" branch-rate="0" complexity="0">
	<!-- Generated by coverage.py: https://coverage.readthedocs.io/en/7.13.4 -->
	<!-- Based on https://raw.githubusercontent.com/cobertura/web/master/htdocs/xml/coverage-04.dtd -->
	<sources>
		<source>C:\Users\SARIM\OneDrive\Desktop\Progrms\21stfeb\src</source>
	</sources>
	<packages>
		<package name="." line-rate="1" branch-rate="0" complexity="0">
			<classes>
				<class name="calculator.py" filename="calculator.py" complexity="0" line-rate="1" branch-rate="0">
					<methods/>
					<lines>
						<line number="1" hits="1"/>
						<line number="2" hits="1"/>
						<line number="3" hits="1"/>
						<line number="5" hits="1"/>
						<line number="6" hits="1"/>
						<line number="8" hits="1"/>
						<line number="9" hits="1"/>
						<line number="11" hits="1"/>
						<line number="12" hits="1"/>
						<line number="13" hits="1"/>
						<line number="14" hits="1"/>
						<line number="16" hits="1"/>
						<line number="17" hits="1"/>
						<line number="18" hits="1"/>
						<line number="19" hits="1"/>
					</lines>
				</class>
			</classes>
		</package>
	</packages>
</coverage>
